E:\Work\VS2010 Workspace\dou_cam\Debug\dou_cam.exp
E:\Work\VS2010 Workspace\dou_cam\Debug\dou_cam.lib
E:\Work\VS2010 Workspace\dou_cam\Debug\dou_cam.pdb
E:\WORK\VS2010 WORKSPACE\DOU_CAM\DOU_CAM\DEBUG\CAM_PROCESS.OBJ
E:\Work\VS2010 Workspace\dou_cam\dou_cam\Debug\cl.command.1.tlog
E:\Work\VS2010 Workspace\dou_cam\dou_cam\Debug\CL.read.1.tlog
E:\Work\VS2010 Workspace\dou_cam\dou_cam\Debug\CL.write.1.tlog
E:\WORK\VS2010 WORKSPACE\DOU_CAM\DOU_CAM\DEBUG\CONFIG_HFGA.OBJ
E:\WORK\VS2010 WORKSPACE\DOU_CAM\DOU_CAM\DEBUG\DOU_CAM.EXE.EMBED.MANIFEST
E:\WORK\VS2010 WORKSPACE\DOU_CAM\DOU_CAM\DEBUG\DOU_CAM.EXE.EMBED.MANIFEST.RES
E:\Work\VS2010 Workspace\dou_cam\dou_cam\Debug\dou_cam.exe.intermediate.manifest
E:\Work\VS2010 Workspace\dou_cam\dou_cam\Debug\dou_cam.vcxprojResolveAssemblyReference.cache
E:\Work\VS2010 Workspace\dou_cam\dou_cam\Debug\dou_cam.write.1.tlog
E:\Work\VS2010 Workspace\dou_cam\dou_cam\Debug\dou_cam_manifest.rc
E:\WORK\VS2010 WORKSPACE\DOU_CAM\DOU_CAM\DEBUG\FACEALIGNDLG.OBJ
E:\Work\VS2010 Workspace\dou_cam\dou_cam\Debug\link.3620.read.1.tlog
E:\Work\VS2010 Workspace\dou_cam\dou_cam\Debug\link.3620.write.1.tlog
E:\Work\VS2010 Workspace\dou_cam\dou_cam\Debug\link.3620-cvtres.read.1.tlog
E:\Work\VS2010 Workspace\dou_cam\dou_cam\Debug\link.3620-cvtres.write.1.tlog
E:\Work\VS2010 Workspace\dou_cam\dou_cam\Debug\link.4424.read.1.tlog
E:\Work\VS2010 Workspace\dou_cam\dou_cam\Debug\link.4424.write.1.tlog
E:\Work\VS2010 Workspace\dou_cam\dou_cam\Debug\link.4424-cvtres.read.1.tlog
E:\Work\VS2010 Workspace\dou_cam\dou_cam\Debug\link.4424-cvtres.write.1.tlog
E:\Work\VS2010 Workspace\dou_cam\dou_cam\Debug\link.4548.read.1.tlog
E:\Work\VS2010 Workspace\dou_cam\dou_cam\Debug\link.4548.write.1.tlog
E:\Work\VS2010 Workspace\dou_cam\dou_cam\Debug\link.4548-cvtres.read.1.tlog
E:\Work\VS2010 Workspace\dou_cam\dou_cam\Debug\link.4548-cvtres.write.1.tlog
E:\Work\VS2010 Workspace\dou_cam\dou_cam\Debug\link.4748.read.1.tlog
E:\Work\VS2010 Workspace\dou_cam\dou_cam\Debug\link.4748.write.1.tlog
E:\Work\VS2010 Workspace\dou_cam\dou_cam\Debug\link.4748-cvtres.read.1.tlog
E:\Work\VS2010 Workspace\dou_cam\dou_cam\Debug\link.4748-cvtres.write.1.tlog
E:\Work\VS2010 Workspace\dou_cam\dou_cam\Debug\link.4968.read.1.tlog
E:\Work\VS2010 Workspace\dou_cam\dou_cam\Debug\link.4968.write.1.tlog
E:\Work\VS2010 Workspace\dou_cam\dou_cam\Debug\link.4968-cvtres.read.1.tlog
E:\Work\VS2010 Workspace\dou_cam\dou_cam\Debug\link.4968-cvtres.write.1.tlog
E:\Work\VS2010 Workspace\dou_cam\dou_cam\Debug\link.5112.read.1.tlog
E:\Work\VS2010 Workspace\dou_cam\dou_cam\Debug\link.5112.write.1.tlog
E:\Work\VS2010 Workspace\dou_cam\dou_cam\Debug\link.5112-cvtres.read.1.tlog
E:\Work\VS2010 Workspace\dou_cam\dou_cam\Debug\link.5112-cvtres.write.1.tlog
E:\Work\VS2010 Workspace\dou_cam\dou_cam\Debug\link.6820.read.1.tlog
E:\Work\VS2010 Workspace\dou_cam\dou_cam\Debug\link.6820.write.1.tlog
E:\Work\VS2010 Workspace\dou_cam\dou_cam\Debug\link.6820-cvtres.read.1.tlog
E:\Work\VS2010 Workspace\dou_cam\dou_cam\Debug\link.6820-cvtres.write.1.tlog
E:\Work\VS2010 Workspace\dou_cam\dou_cam\Debug\link.8100.read.1.tlog
E:\Work\VS2010 Workspace\dou_cam\dou_cam\Debug\link.8100.write.1.tlog
E:\Work\VS2010 Workspace\dou_cam\dou_cam\Debug\link.8100-cvtres.read.1.tlog
E:\Work\VS2010 Workspace\dou_cam\dou_cam\Debug\link.8100-cvtres.write.1.tlog
E:\Work\VS2010 Workspace\dou_cam\dou_cam\Debug\link.command.1.tlog
E:\Work\VS2010 Workspace\dou_cam\dou_cam\Debug\link.read.1.tlog
E:\Work\VS2010 Workspace\dou_cam\dou_cam\Debug\link.write.1.tlog
E:\Work\VS2010 Workspace\dou_cam\dou_cam\Debug\link-cvtres.read.1.tlog
E:\Work\VS2010 Workspace\dou_cam\dou_cam\Debug\link-cvtres.write.1.tlog
E:\WORK\VS2010 WORKSPACE\DOU_CAM\DOU_CAM\DEBUG\MAIN.OBJ
E:\Work\VS2010 Workspace\dou_cam\dou_cam\Debug\mt.command.1.tlog
E:\Work\VS2010 Workspace\dou_cam\dou_cam\Debug\mt.read.1.tlog
E:\Work\VS2010 Workspace\dou_cam\dou_cam\Debug\mt.write.1.tlog
E:\Work\VS2010 Workspace\dou_cam\dou_cam\Debug\rc.command.1.tlog
E:\Work\VS2010 Workspace\dou_cam\dou_cam\Debug\rc.read.1.tlog
E:\Work\VS2010 Workspace\dou_cam\dou_cam\Debug\rc.write.1.tlog
E:\WORK\VS2010 WORKSPACE\DOU_CAM\DOU_CAM\DEBUG\THREAD_PROCESS.OBJ
E:\WORK\VS2010 WORKSPACE\DOU_CAM\DOU_CAM\DEBUG\THREAD_PROCESS1.OBJ
E:\WORK\VS2010 WORKSPACE\DOU_CAM\DOU_CAM\DEBUG\THREAD_PROCESS2.OBJ
E:\Work\VS2010 Workspace\dou_cam\dou_cam\Debug\vc100.idb
E:\WORK\VS2010 WORKSPACE\DOU_CAM\DOU_CAM\DEBUG\VC100.PDB
