生成启动时间为 2014/9/12 15:29:21。
     1>项目“E:\Work\VS2010 Workspace\dou_cam\dou_cam\dou_cam.vcxproj”在节点 2 上(build 个目标)。
     1>InitializeBuildStatus:
         正在创建“Debug\dou_cam.unsuccessfulbuild”，因为已指定“AlwaysCreate”。
       ClCompile:
         D:\softwara\vs2010\VC\bin\CL.exe /c /ZI /nologo /W3 /WX- /Od /Oy- /D WIN32 /D _DEBUG /D _CONSOLE /D _MBCS /Gm /EHsc /RTC1 /MTd /GS /fp:precise /Zc:wchar_t /Zc:forScope /Fo"Debug\\" /Fd"Debug\vc100.pdb" /Gd /TP /analyze- /errorReport:prompt Cam_process.cpp config_HFGA.cpp main.cpp thread_process1.cpp thread_process2.cpp
         thread_process2.cpp
         Cam_process.cpp
         正在生成代码...
         正在编译...
         main.cpp
         config_HFGA.cpp
     1>e:\work\vs2010 workspace\dou_cam\dou_cam\config_hfga.cpp(11): warning C4996: 'fopen': This function or variable may be unsafe. Consider using fopen_s instead. To disable deprecation, use _CRT_SECURE_NO_WARNINGS. See online help for details.
                 d:\softwara\vs2010\vc\include\stdio.h(234) : 参见“fopen”的声明
     1>e:\work\vs2010 workspace\dou_cam\dou_cam\config_hfga.cpp(19): warning C4996: 'fscanf': This function or variable may be unsafe. Consider using fscanf_s instead. To disable deprecation, use _CRT_SECURE_NO_WARNINGS. See online help for details.
                 d:\softwara\vs2010\vc\include\stdio.h(253) : 参见“fscanf”的声明
     1>e:\work\vs2010 workspace\dou_cam\dou_cam\config_hfga.cpp(25): warning C4996: 'fopen': This function or variable may be unsafe. Consider using fopen_s instead. To disable deprecation, use _CRT_SECURE_NO_WARNINGS. See online help for details.
                 d:\softwara\vs2010\vc\include\stdio.h(234) : 参见“fopen”的声明
     1>e:\work\vs2010 workspace\dou_cam\dou_cam\config_hfga.cpp(32): warning C4996: 'fscanf': This function or variable may be unsafe. Consider using fscanf_s instead. To disable deprecation, use _CRT_SECURE_NO_WARNINGS. See online help for details.
                 d:\softwara\vs2010\vc\include\stdio.h(253) : 参见“fscanf”的声明
     1>e:\work\vs2010 workspace\dou_cam\dou_cam\config_hfga.cpp(36): warning C4996: 'fopen': This function or variable may be unsafe. Consider using fopen_s instead. To disable deprecation, use _CRT_SECURE_NO_WARNINGS. See online help for details.
                 d:\softwara\vs2010\vc\include\stdio.h(234) : 参见“fopen”的声明
     1>e:\work\vs2010 workspace\dou_cam\dou_cam\config_hfga.cpp(43): warning C4996: 'fscanf': This function or variable may be unsafe. Consider using fscanf_s instead. To disable deprecation, use _CRT_SECURE_NO_WARNINGS. See online help for details.
                 d:\softwara\vs2010\vc\include\stdio.h(253) : 参见“fscanf”的声明
     1>e:\work\vs2010 workspace\dou_cam\dou_cam\config_hfga.cpp(48): warning C4996: 'fopen': This function or variable may be unsafe. Consider using fopen_s instead. To disable deprecation, use _CRT_SECURE_NO_WARNINGS. See online help for details.
                 d:\softwara\vs2010\vc\include\stdio.h(234) : 参见“fopen”的声明
     1>e:\work\vs2010 workspace\dou_cam\dou_cam\config_hfga.cpp(55): warning C4996: 'fscanf': This function or variable may be unsafe. Consider using fscanf_s instead. To disable deprecation, use _CRT_SECURE_NO_WARNINGS. See online help for details.
                 d:\softwara\vs2010\vc\include\stdio.h(253) : 参见“fscanf”的声明
     1>e:\work\vs2010 workspace\dou_cam\dou_cam\config_hfga.cpp(59): warning C4996: 'fopen': This function or variable may be unsafe. Consider using fopen_s instead. To disable deprecation, use _CRT_SECURE_NO_WARNINGS. See online help for details.
                 d:\softwara\vs2010\vc\include\stdio.h(234) : 参见“fopen”的声明
     1>e:\work\vs2010 workspace\dou_cam\dou_cam\config_hfga.cpp(66): warning C4996: 'fscanf': This function or variable may be unsafe. Consider using fscanf_s instead. To disable deprecation, use _CRT_SECURE_NO_WARNINGS. See online help for details.
                 d:\softwara\vs2010\vc\include\stdio.h(253) : 参见“fscanf”的声明
     1>e:\work\vs2010 workspace\dou_cam\dou_cam\config_hfga.cpp(70): warning C4996: 'fopen': This function or variable may be unsafe. Consider using fopen_s instead. To disable deprecation, use _CRT_SECURE_NO_WARNINGS. See online help for details.
                 d:\softwara\vs2010\vc\include\stdio.h(234) : 参见“fopen”的声明
     1>e:\work\vs2010 workspace\dou_cam\dou_cam\config_hfga.cpp(77): warning C4996: 'fscanf': This function or variable may be unsafe. Consider using fscanf_s instead. To disable deprecation, use _CRT_SECURE_NO_WARNINGS. See online help for details.
                 d:\softwara\vs2010\vc\include\stdio.h(253) : 参见“fscanf”的声明
     1>e:\work\vs2010 workspace\dou_cam\dou_cam\config_hfga.cpp(81): warning C4996: 'fopen': This function or variable may be unsafe. Consider using fopen_s instead. To disable deprecation, use _CRT_SECURE_NO_WARNINGS. See online help for details.
                 d:\softwara\vs2010\vc\include\stdio.h(234) : 参见“fopen”的声明
     1>e:\work\vs2010 workspace\dou_cam\dou_cam\config_hfga.cpp(88): warning C4996: 'fscanf': This function or variable may be unsafe. Consider using fscanf_s instead. To disable deprecation, use _CRT_SECURE_NO_WARNINGS. See online help for details.
                 d:\softwara\vs2010\vc\include\stdio.h(253) : 参见“fscanf”的声明
     1>e:\work\vs2010 workspace\dou_cam\dou_cam\config_hfga.cpp(91): warning C4996: 'fopen': This function or variable may be unsafe. Consider using fopen_s instead. To disable deprecation, use _CRT_SECURE_NO_WARNINGS. See online help for details.
                 d:\softwara\vs2010\vc\include\stdio.h(234) : 参见“fopen”的声明
     1>e:\work\vs2010 workspace\dou_cam\dou_cam\config_hfga.cpp(98): warning C4996: 'fscanf': This function or variable may be unsafe. Consider using fscanf_s instead. To disable deprecation, use _CRT_SECURE_NO_WARNINGS. See online help for details.
                 d:\softwara\vs2010\vc\include\stdio.h(253) : 参见“fscanf”的声明
     1>e:\work\vs2010 workspace\dou_cam\dou_cam\config_hfga.cpp(101): warning C4996: 'fopen': This function or variable may be unsafe. Consider using fopen_s instead. To disable deprecation, use _CRT_SECURE_NO_WARNINGS. See online help for details.
                 d:\softwara\vs2010\vc\include\stdio.h(234) : 参见“fopen”的声明
     1>e:\work\vs2010 workspace\dou_cam\dou_cam\config_hfga.cpp(108): warning C4996: 'fscanf': This function or variable may be unsafe. Consider using fscanf_s instead. To disable deprecation, use _CRT_SECURE_NO_WARNINGS. See online help for details.
                 d:\softwara\vs2010\vc\include\stdio.h(253) : 参见“fscanf”的声明
     1>e:\work\vs2010 workspace\dou_cam\dou_cam\config_hfga.cpp(112): warning C4996: 'fopen': This function or variable may be unsafe. Consider using fopen_s instead. To disable deprecation, use _CRT_SECURE_NO_WARNINGS. See online help for details.
                 d:\softwara\vs2010\vc\include\stdio.h(234) : 参见“fopen”的声明
     1>e:\work\vs2010 workspace\dou_cam\dou_cam\config_hfga.cpp(119): warning C4996: 'fscanf': This function or variable may be unsafe. Consider using fscanf_s instead. To disable deprecation, use _CRT_SECURE_NO_WARNINGS. See online help for details.
                 d:\softwara\vs2010\vc\include\stdio.h(253) : 参见“fscanf”的声明
     1>e:\work\vs2010 workspace\dou_cam\dou_cam\config_hfga.cpp(122): warning C4996: 'fopen': This function or variable may be unsafe. Consider using fopen_s instead. To disable deprecation, use _CRT_SECURE_NO_WARNINGS. See online help for details.
                 d:\softwara\vs2010\vc\include\stdio.h(234) : 参见“fopen”的声明
     1>e:\work\vs2010 workspace\dou_cam\dou_cam\config_hfga.cpp(129): warning C4996: 'fscanf': This function or variable may be unsafe. Consider using fscanf_s instead. To disable deprecation, use _CRT_SECURE_NO_WARNINGS. See online help for details.
                 d:\softwara\vs2010\vc\include\stdio.h(253) : 参见“fscanf”的声明
         正在生成代码...
         正在跳过...(未检测到相关更改)
         thread_process1.cpp
       ManifestResourceCompile:
         所有输出均为最新。
       Link:
         D:\softwara\vs2010\VC\bin\link.exe /ERRORREPORT:PROMPT /OUT:"E:\Work\VS2010 Workspace\dou_cam\Debug\dou_cam.exe" /INCREMENTAL /NOLOGO kernel32.lib user32.lib gdi32.lib winspool.lib comdlg32.lib advapi32.lib shell32.lib ole32.lib oleaut32.lib uuid.lib odbc32.lib odbccp32.lib /MANIFEST /ManifestFile:"Debug\dou_cam.exe.intermediate.manifest" /MANIFESTUAC:"level='asInvoker' uiAccess='false'" /DEBUG /PDB:"E:\Work\VS2010 Workspace\dou_cam\Debug\dou_cam.pdb" /SUBSYSTEM:CONSOLE /TLBID:1 /DYNAMICBASE /NXCOMPAT /IMPLIB:"E:\Work\VS2010 Workspace\dou_cam\Debug\dou_cam.lib" /MACHINE:X86 Debug\dou_cam.exe.embed.manifest.res
         Debug\Cam_process.obj
         Debug\config_HFGA.obj
         Debug\FaceAlignDlg.obj
         Debug\getFiles.obj
         Debug\GetLocalIPAddress.obj
         Debug\main.obj
         Debug\thread_process1.obj
         Debug\thread_process2.obj
            正在创建库 E:\Work\VS2010 Workspace\dou_cam\Debug\dou_cam.lib 和对象 E:\Work\VS2010 Workspace\dou_cam\Debug\dou_cam.exp
       Manifest:
         C:\Program Files (x86)\Microsoft SDKs\Windows\v7.0A\bin\mt.exe /nologo /verbose /out:"Debug\dou_cam.exe.embed.manifest" /manifest Debug\dou_cam.exe.intermediate.manifest
         所有输出均为最新。
       LinkEmbedManifest:
         所有输出均为最新。
         dou_cam.vcxproj -> E:\Work\VS2010 Workspace\dou_cam\Debug\dou_cam.exe
       FinalizeBuildStatus:
         正在删除文件“Debug\dou_cam.unsuccessfulbuild”。
         正在对“Debug\dou_cam.lastbuildstate”执行 Touch 任务。
     1>已完成生成项目“E:\Work\VS2010 Workspace\dou_cam\dou_cam\dou_cam.vcxproj”(build 个目标)的操作。

生成成功。

已用时间 00:00:06.23
